# JRE version: OpenJDK Runtime Environment Corretto-17.0.9.8.1 (17.0.9+8) (build 17.0.9+8-LTS)
# Java VM: OpenJDK 64-Bit Server VM Corretto-17.0.9.8.1 (17.0.9+8-LTS, mixed mode, sharing, tiered, compressed oops, compressed class ptrs, g1 gc, windows-amd64)
GC Precious Log:
 CPUs: 8 total, 8 available
 Memory: 16108M
 Large Page Support: Disabled
 NUMA Support: Disabled
 Compressed Oops: Enabled (32-bit)
 Heap Region Size: 1M
 Heap Min Capacity: 256M
 Heap Initial Capacity: 256M
 Heap Max Capacity: 512M
 Pre-touch: Disabled
 Parallel Workers: 8
 Concurrent Workers: 2
 Concurrent Refinement Workers: 8
 Periodic GC: Disabled
Heap:
 garbage-first heap   total 262144K, used 148195K [0x00000000e0000000, 0x0000000100000000)
  region size 1024K, 72 young (73728K), 18 survivors (18432K)
 Metaspace       used 69698K, committed 70336K, reserved 393216K
  class space    used 9452K, committed 9728K, reserved 327680K
GC Heap History (20 events):
Event: 0.786 GC heap before
{Heap before GC invocations=0 (full 0):
 garbage-first heap   total 262144K, used 26624K [0x00000000e0000000, 0x0000000100000000)
  region size 1024K, 23 young (23552K), 0 survivors (0K)
 Metaspace       used 3070K, committed 3200K, reserved 393216K
  class space    used 393K, committed 448K, reserved 327680K
}
Event: 0.789 GC heap after
{Heap after GC invocations=1 (full 0):
 garbage-first heap   total 262144K, used 10552K [0x00000000e0000000, 0x0000000100000000)
  region size 1024K, 3 young (3072K), 3 survivors (3072K)
 Metaspace       used 3070K, committed 3200K, reserved 393216K
  class space    used 393K, committed 448K, reserved 327680K
}
Event: 1.258 GC heap before
{Heap before GC invocations=1 (full 0):
 garbage-first heap   total 262144K, used 39224K [0x00000000e0000000, 0x0000000100000000)
  region size 1024K, 31 young (31744K), 3 survivors (3072K)
 Metaspace       used 4022K, committed 4224K, reserved 393216K
  class space    used 491K, committed 576K, reserved 327680K
}
Event: 1.261 GC heap after
{Heap after GC invocations=2 (full 0):
 garbage-first heap   total 262144K, used 13107K [0x00000000e0000000, 0x0000000100000000)
  region size 1024K, 3 young (3072K), 3 survivors (3072K)
 Metaspace       used 4022K, committed 4224K, reserved 393216K
  class space    used 491K, committed 576K, reserved 327680K
}
Event: 3.275 GC heap before
{Heap before GC invocations=2 (full 0):
 garbage-first heap   total 262144K, used 130867K [0x00000000e0000000, 0x0000000100000000)
  region size 1024K, 118 young (120832K), 3 survivors (3072K)
 Metaspace       used 21181K, committed 21504K, reserved 393216K
  class space    used 3161K, committed 3328K, reserved 327680K
}
Event: 3.283 GC heap after
{Heap after GC invocations=3 (full 0):
 garbage-first heap   total 262144K, used 22659K [0x00000000e0000000, 0x0000000100000000)
  region size 1024K, 12 young (12288K), 12 survivors (12288K)
 Metaspace       used 21181K, committed 21504K, reserved 393216K
  class space    used 3161K, committed 3328K, reserved 327680K
}
Event: 4.838 GC heap before
{Heap before GC invocations=4 (full 0):
 garbage-first heap   total 262144K, used 138371K [0x00000000e0000000, 0x0000000100000000)
  region size 1024K, 122 young (124928K), 12 survivors (12288K)
 Metaspace       used 35571K, committed 35968K, reserved 393216K
  class space    used 4990K, committed 5184K, reserved 327680K
}
Event: 4.851 GC heap after
{Heap after GC invocations=5 (full 0):
 garbage-first heap   total 262144K, used 32179K [0x00000000e0000000, 0x0000000100000000)
  region size 1024K, 10 young (10240K), 10 survivors (10240K)
 Metaspace       used 35571K, committed 35968K, reserved 393216K
  class space    used 4990K, committed 5184K, reserved 327680K
}
Event: 4.878 GC heap before
{Heap before GC invocations=5 (full 0):
 garbage-first heap   total 262144K, used 34227K [0x00000000e0000000, 0x0000000100000000)
  region size 1024K, 12 young (12288K), 10 survivors (10240K)
 Metaspace       used 35786K, committed 36160K, reserved 393216K
  class space    used 5028K, committed 5184K, reserved 327680K
}
Event: 4.884 GC heap after
{Heap after GC invocations=6 (full 0):
 garbage-first heap   total 262144K, used 31819K [0x00000000e0000000, 0x0000000100000000)
  region size 1024K, 1 young (1024K), 1 survivors (1024K)
 Metaspace       used 35786K, committed 36160K, reserved 393216K
  class space    used 5028K, committed 5184K, reserved 327680K
}
Event: 4.902 GC heap before
{Heap before GC invocations=6 (full 0):
 garbage-first heap   total 262144K, used 32843K [0x00000000e0000000, 0x0000000100000000)
  region size 1024K, 3 young (3072K), 1 survivors (1024K)
 Metaspace       used 35965K, committed 36288K, reserved 393216K
  class space    used 5050K, committed 5184K, reserved 327680K
}
Event: 4.903 GC heap after
{Heap after GC invocations=7 (full 0):
 garbage-first heap   total 262144K, used 31055K [0x00000000e0000000, 0x0000000100000000)
  region size 1024K, 1 young (1024K), 1 survivors (1024K)
 Metaspace       used 35965K, committed 36288K, reserved 393216K
  class space    used 5050K, committed 5184K, reserved 327680K
}
Event: 7.188 GC heap before
{Heap before GC invocations=8 (full 0):
 garbage-first heap   total 262144K, used 188751K [0x00000000e0000000, 0x0000000100000000)
  region size 1024K, 153 young (156672K), 1 survivors (1024K)
 Metaspace       used 52658K, committed 53184K, reserved 393216K
  class space    used 7318K, committed 7552K, reserved 327680K
}
Event: 7.198 GC heap after
{Heap after GC invocations=9 (full 0):
 garbage-first heap   total 262144K, used 43820K [0x00000000e0000000, 0x0000000100000000)
  region size 1024K, 13 young (13312K), 13 survivors (13312K)
 Metaspace       used 52658K, committed 53184K, reserved 393216K
  class space    used 7318K, committed 7552K, reserved 327680K
}
Event: 8.858 GC heap before
{Heap before GC invocations=10 (full 0):
 garbage-first heap   total 262144K, used 186156K [0x00000000e0000000, 0x0000000100000000)
  region size 1024K, 153 young (156672K), 13 survivors (13312K)
 Metaspace       used 58154K, committed 58752K, reserved 393216K
  class space    used 8101K, committed 8384K, reserved 327680K
}
Event: 8.874 GC heap after
{Heap after GC invocations=11 (full 0):
 garbage-first heap   total 262144K, used 55067K [0x00000000e0000000, 0x0000000100000000)
  region size 1024K, 12 young (12288K), 12 survivors (12288K)
 Metaspace       used 58154K, committed 58752K, reserved 393216K
  class space    used 8101K, committed 8384K, reserved 327680K
}
Event: 9.786 GC heap before
{Heap before GC invocations=11 (full 0):
 garbage-first heap   total 262144K, used 198427K [0x00000000e0000000, 0x0000000100000000)
  region size 1024K, 153 young (156672K), 12 survivors (12288K)
 Metaspace       used 59747K, committed 60416K, reserved 393216K
  class space    used 8295K, committed 8576K, reserved 327680K
}
Event: 9.807 GC heap after
{Heap after GC invocations=12 (full 0):
 garbage-first heap   total 262144K, used 69587K [0x00000000e0000000, 0x0000000100000000)
  region size 1024K, 15 young (15360K), 15 survivors (15360K)
 Metaspace       used 59747K, committed 60416K, reserved 393216K
  class space    used 8295K, committed 8576K, reserved 327680K
}
Event: 11.517 GC heap before
{Heap before GC invocations=12 (full 0):
 garbage-first heap   total 262144K, used 201683K [0x00000000e0000000, 0x0000000100000000)
  region size 1024K, 141 young (144384K), 15 survivors (15360K)
 Metaspace       used 68953K, committed 69568K, reserved 393216K
  class space    used 9379K, committed 9664K, reserved 327680K
}
Event: 11.540 GC heap after
{Heap after GC invocations=13 (full 0):
 garbage-first heap   total 262144K, used 93923K [0x00000000e0000000, 0x0000000100000000)
  region size 1024K, 18 young (18432K), 18 survivors (18432K)
 Metaspace       used 68953K, committed 69568K, reserved 393216K
  class space    used 9379K, committed 9664K, reserved 327680K
}

