# JRE version: OpenJDK Runtime Environment Corretto-17.0.9.8.1 (17.0.9+8) (build 17.0.9+8-LTS)
# Java VM: OpenJDK 64-Bit Server VM Corretto-17.0.9.8.1 (17.0.9+8-LTS, mixed mode, sharing, tiered, compressed oops, compressed class ptrs, g1 gc, windows-amd64)
GC Precious Log:
 CPUs: 8 total, 8 available
 Memory: 16108M
 Large Page Support: Disabled
 NUMA Support: Disabled
 Compressed Oops: Enabled (32-bit)
 Heap Region Size: 1M
 Heap Min Capacity: 256M
 Heap Initial Capacity: 256M
 Heap Max Capacity: 512M
 Pre-touch: Disabled
 Parallel Workers: 8
 Concurrent Workers: 2
 Concurrent Refinement Workers: 8
 Periodic GC: Disabled
Heap:
 garbage-first heap   total 262144K, used 129673K [0x00000000e0000000, 0x0000000100000000)
  region size 1024K, 87 young (89088K), 12 survivors (12288K)
 Metaspace       used 58548K, committed 59136K, reserved 393216K
  class space    used 8119K, committed 8384K, reserved 327680K
GC Heap History (18 events):
Event: 0.645 GC heap before
{Heap before GC invocations=0 (full 0):
 garbage-first heap   total 262144K, used 26624K [0x00000000e0000000, 0x0000000100000000)
  region size 1024K, 23 young (23552K), 0 survivors (0K)
 Metaspace       used 3072K, committed 3200K, reserved 393216K
  class space    used 393K, committed 448K, reserved 327680K
}
Event: 0.649 GC heap after
{Heap after GC invocations=1 (full 0):
 garbage-first heap   total 262144K, used 10736K [0x00000000e0000000, 0x0000000100000000)
  region size 1024K, 3 young (3072K), 3 survivors (3072K)
 Metaspace       used 3072K, committed 3200K, reserved 393216K
  class space    used 393K, committed 448K, reserved 327680K
}
Event: 1.086 GC heap before
{Heap before GC invocations=1 (full 0):
 garbage-first heap   total 262144K, used 39408K [0x00000000e0000000, 0x0000000100000000)
  region size 1024K, 31 young (31744K), 3 survivors (3072K)
 Metaspace       used 4020K, committed 4160K, reserved 393216K
  class space    used 491K, committed 576K, reserved 327680K
}
Event: 1.089 GC heap after
{Heap after GC invocations=2 (full 0):
 garbage-first heap   total 262144K, used 13280K [0x00000000e0000000, 0x0000000100000000)
  region size 1024K, 3 young (3072K), 3 survivors (3072K)
 Metaspace       used 4020K, committed 4160K, reserved 393216K
  class space    used 491K, committed 576K, reserved 327680K
}
Event: 3.291 GC heap before
{Heap before GC invocations=2 (full 0):
 garbage-first heap   total 262144K, used 130016K [0x00000000e0000000, 0x0000000100000000)
  region size 1024K, 117 young (119808K), 3 survivors (3072K)
 Metaspace       used 21172K, committed 21504K, reserved 393216K
  class space    used 3161K, committed 3328K, reserved 327680K
}
Event: 3.302 GC heap after
{Heap after GC invocations=3 (full 0):
 garbage-first heap   total 262144K, used 22400K [0x00000000e0000000, 0x0000000100000000)
  region size 1024K, 12 young (12288K), 12 survivors (12288K)
 Metaspace       used 21172K, committed 21504K, reserved 393216K
  class space    used 3161K, committed 3328K, reserved 327680K
}
Event: 4.783 GC heap before
{Heap before GC invocations=4 (full 0):
 garbage-first heap   total 262144K, used 139136K [0x00000000e0000000, 0x0000000100000000)
  region size 1024K, 123 young (125952K), 12 survivors (12288K)
 Metaspace       used 35736K, committed 36096K, reserved 393216K
  class space    used 5021K, committed 5184K, reserved 327680K
}
Event: 4.798 GC heap after
{Heap after GC invocations=5 (full 0):
 garbage-first heap   total 262144K, used 31835K [0x00000000e0000000, 0x0000000100000000)
  region size 1024K, 10 young (10240K), 10 survivors (10240K)
 Metaspace       used 35736K, committed 36096K, reserved 393216K
  class space    used 5021K, committed 5184K, reserved 327680K
}
Event: 4.820 GC heap before
{Heap before GC invocations=5 (full 0):
 garbage-first heap   total 262144K, used 32859K [0x00000000e0000000, 0x0000000100000000)
  region size 1024K, 12 young (12288K), 10 survivors (10240K)
 Metaspace       used 35956K, committed 36288K, reserved 393216K
  class space    used 5049K, committed 5184K, reserved 327680K
}
Event: 4.828 GC heap after
{Heap after GC invocations=6 (full 0):
 garbage-first heap   total 262144K, used 31416K [0x00000000e0000000, 0x0000000100000000)
  region size 1024K, 1 young (1024K), 1 survivors (1024K)
 Metaspace       used 35956K, committed 36288K, reserved 393216K
  class space    used 5049K, committed 5184K, reserved 327680K
}
Event: 4.832 GC heap before
{Heap before GC invocations=6 (full 0):
 garbage-first heap   total 262144K, used 31416K [0x00000000e0000000, 0x0000000100000000)
  region size 1024K, 2 young (2048K), 1 survivors (1024K)
 Metaspace       used 36088K, committed 36416K, reserved 393216K
  class space    used 5050K, committed 5184K, reserved 327680K
}
Event: 4.833 GC heap after
{Heap after GC invocations=7 (full 0):
 garbage-first heap   total 262144K, used 31017K [0x00000000e0000000, 0x0000000100000000)
  region size 1024K, 1 young (1024K), 1 survivors (1024K)
 Metaspace       used 36088K, committed 36416K, reserved 393216K
  class space    used 5050K, committed 5184K, reserved 327680K
}
Event: 7.050 GC heap before
{Heap before GC invocations=8 (full 0):
 garbage-first heap   total 262144K, used 174377K [0x00000000e0000000, 0x0000000100000000)
  region size 1024K, 140 young (143360K), 1 survivors (1024K)
 Metaspace       used 52619K, committed 53120K, reserved 393216K
  class space    used 7314K, committed 7552K, reserved 327680K
}
Event: 7.058 GC heap after
{Heap after GC invocations=9 (full 0):
 garbage-first heap   total 262144K, used 42249K [0x00000000e0000000, 0x0000000100000000)
  region size 1024K, 12 young (12288K), 12 survivors (12288K)
 Metaspace       used 52619K, committed 53120K, reserved 393216K
  class space    used 7314K, committed 7552K, reserved 327680K
}
Event: 7.068 GC heap before
{Heap before GC invocations=9 (full 0):
 garbage-first heap   total 262144K, used 43273K [0x00000000e0000000, 0x0000000100000000)
  region size 1024K, 13 young (13312K), 12 survivors (12288K)
 Metaspace       used 52620K, committed 53120K, reserved 393216K
  class space    used 7314K, committed 7552K, reserved 327680K
}
Event: 7.077 GC heap after
{Heap after GC invocations=10 (full 0):
 garbage-first heap   total 262144K, used 42915K [0x00000000e0000000, 0x0000000100000000)
  region size 1024K, 1 young (1024K), 1 survivors (1024K)
 Metaspace       used 52620K, committed 53120K, reserved 393216K
  class space    used 7314K, committed 7552K, reserved 327680K
}
Event: 8.723 GC heap before
{Heap before GC invocations=10 (full 0):
 garbage-first heap   total 262144K, used 186275K [0x00000000e0000000, 0x0000000100000000)
  region size 1024K, 142 young (145408K), 1 survivors (1024K)
 Metaspace       used 58149K, committed 58752K, reserved 393216K
  class space    used 8104K, committed 8384K, reserved 327680K
}
Event: 8.734 GC heap after
{Heap after GC invocations=11 (full 0):
 garbage-first heap   total 262144K, used 53897K [0x00000000e0000000, 0x0000000100000000)
  region size 1024K, 12 young (12288K), 12 survivors (12288K)
 Metaspace       used 58149K, committed 58752K, reserved 393216K
  class space    used 8104K, committed 8384K, reserved 327680K
}

