# JRE version: OpenJDK Runtime Environment Corretto-17.0.9.8.1 (17.0.9+8) (build 17.0.9+8-LTS)
# Java VM: OpenJDK 64-Bit Server VM Corretto-17.0.9.8.1 (17.0.9+8-LTS, mixed mode, sharing, tiered, compressed oops, compressed class ptrs, g1 gc, windows-amd64)
GC Precious Log:
 CPUs: 8 total, 8 available
 Memory: 16108M
 Large Page Support: Disabled
 NUMA Support: Disabled
 Compressed Oops: Enabled (32-bit)
 Heap Region Size: 1M
 Heap Min Capacity: 256M
 Heap Initial Capacity: 256M
 Heap Max Capacity: 512M
 Pre-touch: Disabled
 Parallel Workers: 8
 Concurrent Workers: 2
 Concurrent Refinement Workers: 8
 Periodic GC: Disabled
Heap:
 garbage-first heap   total 262144K, used 124196K [0x00000000e0000000, 0x0000000100000000)
  region size 1024K, 51 young (52224K), 18 survivors (18432K)
 Metaspace       used 68740K, committed 69312K, reserved 393216K
  class space    used 9389K, committed 9664K, reserved 327680K
GC Heap History (16 events):
Event: 0.664 GC heap before
{Heap before GC invocations=0 (full 0):
 garbage-first heap   total 262144K, used 26624K [0x00000000e0000000, 0x0000000100000000)
  region size 1024K, 23 young (23552K), 0 survivors (0K)
 Metaspace       used 3074K, committed 3200K, reserved 393216K
  class space    used 393K, committed 448K, reserved 327680K
}
Event: 0.667 GC heap after
{Heap after GC invocations=1 (full 0):
 garbage-first heap   total 262144K, used 10560K [0x00000000e0000000, 0x0000000100000000)
  region size 1024K, 3 young (3072K), 3 survivors (3072K)
 Metaspace       used 3074K, committed 3200K, reserved 393216K
  class space    used 393K, committed 448K, reserved 327680K
}
Event: 1.008 GC heap before
{Heap before GC invocations=1 (full 0):
 garbage-first heap   total 262144K, used 39232K [0x00000000e0000000, 0x0000000100000000)
  region size 1024K, 31 young (31744K), 3 survivors (3072K)
 Metaspace       used 4028K, committed 4224K, reserved 393216K
  class space    used 491K, committed 576K, reserved 327680K
}
Event: 1.014 GC heap after
{Heap after GC invocations=2 (full 0):
 garbage-first heap   total 262144K, used 13145K [0x00000000e0000000, 0x0000000100000000)
  region size 1024K, 3 young (3072K), 3 survivors (3072K)
 Metaspace       used 4028K, committed 4224K, reserved 393216K
  class space    used 491K, committed 576K, reserved 327680K
}
Event: 3.159 GC heap before
{Heap before GC invocations=2 (full 0):
 garbage-first heap   total 262144K, used 130905K [0x00000000e0000000, 0x0000000100000000)
  region size 1024K, 118 young (120832K), 3 survivors (3072K)
 Metaspace       used 21182K, committed 21504K, reserved 393216K
  class space    used 3159K, committed 3328K, reserved 327680K
}
Event: 3.167 GC heap after
{Heap after GC invocations=3 (full 0):
 garbage-first heap   total 262144K, used 22265K [0x00000000e0000000, 0x0000000100000000)
  region size 1024K, 12 young (12288K), 12 survivors (12288K)
 Metaspace       used 21182K, committed 21504K, reserved 393216K
  class space    used 3159K, committed 3328K, reserved 327680K
}
Event: 4.927 GC heap before
{Heap before GC invocations=4 (full 0):
 garbage-first heap   total 262144K, used 139001K [0x00000000e0000000, 0x0000000100000000)
  region size 1024K, 123 young (125952K), 12 survivors (12288K)
 Metaspace       used 35622K, committed 35968K, reserved 393216K
  class space    used 4998K, committed 5120K, reserved 327680K
}
Event: 4.940 GC heap after
{Heap after GC invocations=5 (full 0):
 garbage-first heap   total 262144K, used 32151K [0x00000000e0000000, 0x0000000100000000)
  region size 1024K, 10 young (10240K), 10 survivors (10240K)
 Metaspace       used 35622K, committed 35968K, reserved 393216K
  class space    used 4998K, committed 5120K, reserved 327680K
}
Event: 8.565 GC heap before
{Heap before GC invocations=6 (full 0):
 garbage-first heap   total 262144K, used 178583K [0x00000000e0000000, 0x0000000100000000)
  region size 1024K, 152 young (155648K), 10 survivors (10240K)
 Metaspace       used 52650K, committed 53120K, reserved 393216K
  class space    used 7312K, committed 7552K, reserved 327680K
}
Event: 8.579 GC heap after
{Heap after GC invocations=7 (full 0):
 garbage-first heap   total 262144K, used 42826K [0x00000000e0000000, 0x0000000100000000)
  region size 1024K, 19 young (19456K), 19 survivors (19456K)
 Metaspace       used 52650K, committed 53120K, reserved 393216K
  class space    used 7312K, committed 7552K, reserved 327680K
}
Event: 11.947 GC heap before
{Heap before GC invocations=7 (full 0):
 garbage-first heap   total 262144K, used 179018K [0x00000000e0000000, 0x0000000100000000)
  region size 1024K, 153 young (156672K), 19 survivors (19456K)
 Metaspace       used 58194K, committed 58752K, reserved 393216K
  class space    used 8108K, committed 8384K, reserved 327680K
}
Event: 11.968 GC heap after
{Heap after GC invocations=8 (full 0):
 garbage-first heap   total 262144K, used 55518K [0x00000000e0000000, 0x0000000100000000)
  region size 1024K, 13 young (13312K), 13 survivors (13312K)
 Metaspace       used 58194K, committed 58752K, reserved 393216K
  class space    used 8108K, committed 8384K, reserved 327680K
}
Event: 13.838 GC heap before
{Heap before GC invocations=8 (full 0):
 garbage-first heap   total 262144K, used 147678K [0x00000000e0000000, 0x0000000100000000)
  region size 1024K, 104 young (106496K), 13 survivors (13312K)
 Metaspace       used 59540K, committed 60160K, reserved 393216K
  class space    used 8264K, committed 8576K, reserved 327680K
}
Event: 13.848 GC heap after
{Heap after GC invocations=9 (full 0):
 garbage-first heap   total 262144K, used 59301K [0x00000000e0000000, 0x0000000100000000)
  region size 1024K, 4 young (4096K), 4 survivors (4096K)
 Metaspace       used 59540K, committed 60160K, reserved 393216K
  class space    used 8264K, committed 8576K, reserved 327680K
}
Event: 19.664 GC heap before
{Heap before GC invocations=10 (full 0):
 garbage-first heap   total 262144K, used 202661K [0x00000000e0000000, 0x0000000100000000)
  region size 1024K, 142 young (145408K), 4 survivors (4096K)
 Metaspace       used 67250K, committed 67904K, reserved 393216K
  class space    used 9208K, committed 9472K, reserved 327680K
}
Event: 19.685 GC heap after
{Heap after GC invocations=11 (full 0):
 garbage-first heap   total 262144K, used 91428K [0x00000000e0000000, 0x0000000100000000)
  region size 1024K, 18 young (18432K), 18 survivors (18432K)
 Metaspace       used 67250K, committed 67904K, reserved 393216K
  class space    used 9208K, committed 9472K, reserved 327680K
}

