# JRE version: OpenJDK Runtime Environment Corretto-17.0.9.8.1 (17.0.9+8) (build 17.0.9+8-LTS)
# Java VM: OpenJDK 64-Bit Server VM Corretto-17.0.9.8.1 (17.0.9+8-LTS, mixed mode, sharing, tiered, compressed oops, compressed class ptrs, g1 gc, windows-amd64)
GC Precious Log:
 CPUs: 8 total, 8 available
 Memory: 16108M
 Large Page Support: Disabled
 NUMA Support: Disabled
 Compressed Oops: Enabled (32-bit)
 Heap Region Size: 1M
 Heap Min Capacity: 256M
 Heap Initial Capacity: 256M
 Heap Max Capacity: 512M
 Pre-touch: Disabled
 Parallel Workers: 8
 Concurrent Workers: 2
 Concurrent Refinement Workers: 8
 Periodic GC: Disabled
Heap:
 garbage-first heap   total 262144K, used 127279K [0x00000000e0000000, 0x0000000100000000)
  region size 1024K, 95 young (97280K), 1 survivors (1024K)
 Metaspace       used 49840K, committed 50304K, reserved 393216K
  class space    used 6881K, committed 7104K, reserved 327680K
GC Heap History (12 events):
Event: 0.812 GC heap before
{Heap before GC invocations=0 (full 0):
 garbage-first heap   total 262144K, used 26624K [0x00000000e0000000, 0x0000000100000000)
  region size 1024K, 23 young (23552K), 0 survivors (0K)
 Metaspace       used 3062K, committed 3200K, reserved 393216K
  class space    used 392K, committed 448K, reserved 327680K
}
Event: 0.817 GC heap after
{Heap after GC invocations=1 (full 0):
 garbage-first heap   total 262144K, used 10629K [0x00000000e0000000, 0x0000000100000000)
  region size 1024K, 3 young (3072K), 3 survivors (3072K)
 Metaspace       used 3062K, committed 3200K, reserved 393216K
  class space    used 392K, committed 448K, reserved 327680K
}
Event: 1.498 GC heap before
{Heap before GC invocations=1 (full 0):
 garbage-first heap   total 262144K, used 39301K [0x00000000e0000000, 0x0000000100000000)
  region size 1024K, 31 young (31744K), 3 survivors (3072K)
 Metaspace       used 4024K, committed 4224K, reserved 393216K
  class space    used 491K, committed 576K, reserved 327680K
}
Event: 1.502 GC heap after
{Heap after GC invocations=2 (full 0):
 garbage-first heap   total 262144K, used 13198K [0x00000000e0000000, 0x0000000100000000)
  region size 1024K, 3 young (3072K), 3 survivors (3072K)
 Metaspace       used 4024K, committed 4224K, reserved 393216K
  class space    used 491K, committed 576K, reserved 327680K
}
Event: 4.516 GC heap before
{Heap before GC invocations=2 (full 0):
 garbage-first heap   total 262144K, used 130958K [0x00000000e0000000, 0x0000000100000000)
  region size 1024K, 118 young (120832K), 3 survivors (3072K)
 Metaspace       used 21174K, committed 21504K, reserved 393216K
  class space    used 3160K, committed 3328K, reserved 327680K
}
Event: 4.529 GC heap after
{Heap after GC invocations=3 (full 0):
 garbage-first heap   total 262144K, used 22813K [0x00000000e0000000, 0x0000000100000000)
  region size 1024K, 12 young (12288K), 12 survivors (12288K)
 Metaspace       used 21174K, committed 21504K, reserved 393216K
  class space    used 3160K, committed 3328K, reserved 327680K
}
Event: 6.510 GC heap before
{Heap before GC invocations=4 (full 0):
 garbage-first heap   total 262144K, used 140573K [0x00000000e0000000, 0x0000000100000000)
  region size 1024K, 124 young (126976K), 12 survivors (12288K)
 Metaspace       used 35753K, committed 36096K, reserved 393216K
  class space    used 5021K, committed 5184K, reserved 327680K
}
Event: 6.525 GC heap after
{Heap after GC invocations=5 (full 0):
 garbage-first heap   total 262144K, used 31530K [0x00000000e0000000, 0x0000000100000000)
  region size 1024K, 19 young (19456K), 19 survivors (19456K)
 Metaspace       used 35753K, committed 36096K, reserved 393216K
  class space    used 5021K, committed 5184K, reserved 327680K
}
Event: 6.539 GC heap before
{Heap before GC invocations=5 (full 0):
 garbage-first heap   total 262144K, used 31530K [0x00000000e0000000, 0x0000000100000000)
  region size 1024K, 20 young (20480K), 19 survivors (19456K)
 Metaspace       used 35869K, committed 36224K, reserved 393216K
  class space    used 5032K, committed 5184K, reserved 327680K
}
Event: 6.551 GC heap after
{Heap after GC invocations=6 (full 0):
 garbage-first heap   total 262144K, used 32852K [0x00000000e0000000, 0x0000000100000000)
  region size 1024K, 3 young (3072K), 3 survivors (3072K)
 Metaspace       used 35869K, committed 36224K, reserved 393216K
  class space    used 5032K, committed 5184K, reserved 327680K
}
Event: 6.569 GC heap before
{Heap before GC invocations=6 (full 0):
 garbage-first heap   total 262144K, used 33876K [0x00000000e0000000, 0x0000000100000000)
  region size 1024K, 5 young (5120K), 3 survivors (3072K)
 Metaspace       used 36105K, committed 36416K, reserved 393216K
  class space    used 5050K, committed 5184K, reserved 327680K
}
Event: 6.571 GC heap after
{Heap after GC invocations=7 (full 0):
 garbage-first heap   total 262144K, used 31023K [0x00000000e0000000, 0x0000000100000000)
  region size 1024K, 1 young (1024K), 1 survivors (1024K)
 Metaspace       used 36105K, committed 36416K, reserved 393216K
  class space    used 5050K, committed 5184K, reserved 327680K
}

